0	1	mikroCdsPIC.exe -MSF -DBG -pP33FJ256GP710A -DL -SSA -O11111114 -fo8 -N"D:\Clicks_git\3D_Hall_5_click\SW\example\c\DSPIC\SPI\Click_3DHALL5_DSPIC.mcpds" -SP"C:\Users\Public\Documents\Mikroelektronika\mikroC PRO for dsPIC\Defs\" -SP"C:\Users\Public\Documents\Mikroelektronika\mikroC PRO for dsPIC\Uses\" -SP"D:\Clicks_git\3D_Hall_5_click\SW\example\c\DSPIC\SPI\" -SP"D:\Clicks_git\3D_Hall_5_click\SW\library\HAL\" -SP"D:\Clicks_git\3D_Hall_5_click\SW\library\" -SP"C:\Users\Public\Documents\Mikroelektronika\mikroC PRO for dsPIC\Packages\mikroBUS Board Definition API\Uses\" -IP"C:\Users\Public\Documents\Mikroelektronika\mikroC PRO for dsPIC\Uses\" -IP"D:\Clicks_git\3D_Hall_5_click\SW\example\c\DSPIC\SPI\" -IP"D:\Clicks_git\3D_Hall_5_click\SW\library\" -IP"D:\Clicks_git\3D_Hall_5_click\SW\library\HAL\" -IP"C:\Users\Public\Documents\Mikroelektronika\mikroC PRO for dsPIC\Packages\mikroBUS Board Definition API\Uses\" "Click_3DHALL5_DSPIC.c" "__c3dhall5_Driver.c" "__Lib_Math.mcl" "__Lib_MathDouble.mcl" "__Lib_System.mcl" "__Lib_Delays.mcl" "__Lib_CString.mcl" "__Lib_Conversions.mcl" "__Lib_I2C_12_p24_p33.mcl" "__Lib_SPI_12.mcl" "__Lib_UART_12_p24_p33.mcl" "easypicfusion_v7_P33FJ256GP710A.mcl" "Click_3DHALL5.pld"	 
diagnostics: 0	121	Loading...	 
diagnostics: 0	122	Compilation Started	stdint.h
diagnostics: 82	123	Compiled Successfully	Click_3DHALL5_DSPIC.c
diagnostics: 0	122	Compilation Started	stdint.h
diagnostics: 358	123	Compiled Successfully	__c3dhall5_Driver.c
hint: 323	1164	Variable 'tmp' has been eliminated by optimizer	__c3dhall5_Driver.c
hint: 34	1164	Variable 'tmp' has been eliminated by optimizer	__c3dhall5_Driver.c
hint: 95	1164	Variable 'tmp' has been eliminated by optimizer	__c3dhall5_Driver.c
hint: 143	1164	Variable 'readData' has been eliminated by optimizer	__c3dhall5_Driver.c
hint: 287	1164	Variable 'deviceID' has been eliminated by optimizer	__c3dhall5_Driver.c
hint: 303	1164	Variable 'tempData' has been eliminated by optimizer	__c3dhall5_Driver.c
hint: 304	1164	Variable 'temperature' has been eliminated by optimizer	__c3dhall5_Driver.c
hint: 332	1164	Variable 'axisData' has been eliminated by optimizer	__c3dhall5_Driver.c
diagnostics: 0	127	All files Compiled in 110 ms	 
hint: 0	1144	Used RX (bytes): 32 (100%)   Free RX (bytes): 0 (0%)	Used RX (bytes): 32 (100%)   Free RX (bytes): 0 (0%)
hint: 0	1144	Static RAM (bytes): 152   Dynamic RAM (bytes): 30568	Static RAM (bytes): 152   Dynamic RAM (bytes): 30568
hint: 0	1144	Used ROM (bytes): 4500 (3%)  Free ROM (bytes): 170604 (97%)	Used ROM (bytes): 4500 (3%)  Free ROM (bytes): 170604 (97%)
diagnostics: 0	125	Project Linked Successfully	Click_3DHALL5_DSPIC.mcpds
diagnostics: 0	128	Linked in 218 ms	 
diagnostics: 0	129	Project 'Click_3DHALL5_DSPIC.mcpds' completed: 515 ms	 
diagnostics: 0	103	Finished successfully: 31 maj 2018, 14:17:19	Click_3DHALL5_DSPIC.mcpds
