0	1	mikroCARM.exe -MSF -DBG -pTM4C129XNCZAD -BIN -DL -SSA -O11111114 -fo120 -N"D:\Clicks_git\3D_Hall_5_click\SW\example\c\ARM\TIVA\TIVA_SPI\Click_3DHALL5_TIVA.mcpar" -SP"C:\Users\Public\Documents\Mikroelektronika\mikroC PRO for ARM\Defs\" -SP"C:\Users\Public\Documents\Mikroelektronika\mikroC PRO for ARM\Uses\TI M4\" -SP"D:\Clicks_git\3D_Hall_5_click\SW\example\c\ARM\TIVA\TIVA_SPI\" -SP"D:\Clicks_git\3D_Hall_5_click\SW\library\HAL\" -SP"D:\Clicks_git\3D_Hall_5_click\SW\library\" -SP"C:\Users\Public\Documents\Mikroelektronika\mikroC PRO for ARM\Packages\mikroBUS Board Definition API\Uses\" -IP"C:\Users\Public\Documents\Mikroelektronika\mikroC PRO for ARM\Uses\TI M4\" -IP"D:\Clicks_git\3D_Hall_5_click\SW\example\c\ARM\TIVA\TIVA_SPI\" -IP"D:\Clicks_git\3D_Hall_5_click\SW\library\" -IP"D:\Clicks_git\3D_Hall_5_click\SW\library\HAL\" -IP"C:\Users\Public\Documents\Mikroelektronika\mikroC PRO for ARM\Packages\mikroBUS Board Definition API\Uses\" "Click_3DHALL5_TIVA.c" "__c3dhall5_driver.c" "__Lib_Math.emcl" "__Lib_Delays.emcl" "__Lib_MathDouble.emcl" "__Lib_System_TIVA.emcl" "__Lib_GPIO_6_Defs.emcl" "__Lib_GPIO_6.emcl" "__Lib_CString.emcl" "__Lib_Conversions.emcl" "__Lib_I2C_09.emcl" "__Lib_SPI_03.emcl" "__Lib_UART_07.emcl" "easymx_v7_TM4C129XNCZAD.emcl" "Click_3DHALL5.pld"	 
diagnostics: 0	122	Compilation Started	stdint.h
diagnostics: 82	123	Compiled Successfully	Click_3DHALL5_TIVA.c
diagnostics: 0	122	Compilation Started	stdint.h
diagnostics: 358	123	Compiled Successfully	__c3dhall5_driver.c
hint: 323	1164	Variable 'tmp' has been eliminated by optimizer	__c3dhall5_driver.c
hint: 37	1164	Variable 'tmp' has been eliminated by optimizer	__c3dhall5_driver.c
hint: 92	1164	Variable 'tmp' has been eliminated by optimizer	__c3dhall5_driver.c
hint: 143	1164	Variable 'readData' has been eliminated by optimizer	__c3dhall5_driver.c
hint: 287	1164	Variable 'deviceID' has been eliminated by optimizer	__c3dhall5_driver.c
hint: 303	1164	Variable 'tempData' has been eliminated by optimizer	__c3dhall5_driver.c
hint: 304	1164	Variable 'temperature' has been eliminated by optimizer	__c3dhall5_driver.c
hint: 332	1164	Variable 'axisData' has been eliminated by optimizer	__c3dhall5_driver.c
diagnostics: 0	127	All files Compiled in 109 ms	 
hint: 0	1144	Used RX: 16 (100%)   Free RX: 0 (0%)	Used RX: 16 (100%)   Free RX: 0 (0%)
hint: 0	1144	Static RAM (bytes): 263   Dynamic RAM (bytes): 261877	Static RAM (bytes): 263   Dynamic RAM (bytes): 261877
hint: 0	1144	Used ROM (bytes): 11812 (1%)  Free ROM (bytes): 1036764 (99%)	Used ROM (bytes): 11812 (1%)  Free ROM (bytes): 1036764 (99%)
diagnostics: 0	125	Project Linked Successfully	Click_3DHALL5_TIVA.mcpar
diagnostics: 0	128	Linked in 672 ms	 
diagnostics: 0	129	Project 'Click_3DHALL5_TIVA.mcpar' completed: 1062 ms	 
diagnostics: 0	103	Finished successfully: 31 maj 2018, 15:07:37	Click_3DHALL5_TIVA.mcpar
