0	1	mikroCPIC1618.exe -MSF -DBG -pP18F87K22 -DL -O11111114 -fo64 -N"D:\Clicks_git\3D_Hall_5_click\SW\example\c\PIC\I2C\Click_3DHALL5_PIC.mcppi" -SP"C:\Users\Public\Documents\Mikroelektronika\mikroC PRO for PIC\Defs\" -SP"C:\Users\Public\Documents\Mikroelektronika\mikroC PRO for PIC\uses\P18\" -SP"D:\Clicks_git\3D_Hall_5_click\SW\example\c\PIC\I2C\" -SP"D:\Clicks_git\3D_Hall_5_click\SW\library\HAL\" -SP"D:\Clicks_git\3D_Hall_5_click\SW\library\" -SP"C:\Users\Public\Documents\Mikroelektronika\mikroC PRO for PIC\Packages\mikroBUS Board Definition API\Uses\" -IP"C:\Users\Public\Documents\Mikroelektronika\mikroC PRO for PIC\uses\P18\" -IP"D:\Clicks_git\3D_Hall_5_click\SW\example\c\PIC\I2C\" -IP"D:\Clicks_git\3D_Hall_5_click\SW\library\" -IP"D:\Clicks_git\3D_Hall_5_click\SW\library\HAL\" -IP"C:\Users\Public\Documents\Mikroelektronika\mikroC PRO for PIC\Packages\mikroBUS Board Definition API\Uses\" "Click_3DHALL5_PIC.c" "__c3dhall5_Driver.c" "__Lib_Math.mcl" "__Lib_MathDouble.mcl" "__Lib_System.mcl" "__Lib_Delays.mcl" "__Lib_CString.mcl" "__Lib_Conversions.mcl" "__Lib_I2C_c34d65_k22_k90.mcl" "__Lib_SPI_c345d654.mcl" "__Lib_UART_c67g12.mcl" "easypicpro_v7_P18F87K22.mcl" "Click_3DHALL5.pld"	 
hint: 0	1139	Available RAM: 3841 [bytes], Available ROM: 131072 [bytes]	 
diagnostics: 0	122	Compilation Started	stdint.h
diagnostics: 82	123	Compiled Successfully	Click_3DHALL5_PIC.c
diagnostics: 0	122	Compilation Started	stdint.h
diagnostics: 358	123	Compiled Successfully	__c3dhall5_Driver.c
hint: 323	1164	Variable 'tmp' has been eliminated by optimizer	__c3dhall5_Driver.c
hint: 34	1164	Variable 'tmp' has been eliminated by optimizer	__c3dhall5_Driver.c
hint: 95	1164	Variable 'tmp' has been eliminated by optimizer	__c3dhall5_Driver.c
hint: 143	1164	Variable 'readData' has been eliminated by optimizer	__c3dhall5_Driver.c
hint: 287	1164	Variable 'deviceID' has been eliminated by optimizer	__c3dhall5_Driver.c
hint: 303	1164	Variable 'tempData' has been eliminated by optimizer	__c3dhall5_Driver.c
hint: 304	1164	Variable 'temperature' has been eliminated by optimizer	__c3dhall5_Driver.c
hint: 332	1164	Variable 'axisData' has been eliminated by optimizer	__c3dhall5_Driver.c
diagnostics: 0	127	All files Compiled in 94 ms	 
hint: 0	1144	Used RAM (bytes): 257 (7%)  Free RAM (bytes): 3584 (93%)	Used RAM (bytes): 257 (7%)  Free RAM (bytes): 3584 (93%)
hint: 0	1144	Used ROM (bytes): 8594 (7%)  Free ROM (bytes): 122478 (93%)	Used ROM (bytes): 8594 (7%)  Free ROM (bytes): 122478 (93%)
diagnostics: 0	125	Project Linked Successfully	Click_3DHALL5_PIC.mcppi
diagnostics: 0	128	Linked in 62 ms	 
diagnostics: 0	129	Project 'Click_3DHALL5_PIC.mcppi' completed: 172 ms	 
diagnostics: 0	103	Finished successfully: 31 maj 2018, 15:25:48	Click_3DHALL5_PIC.mcppi
