0	1	mikroCARM.exe -MSF -DBG -pSTM32F107VC -BIN -LHF -DL -SSA -O11111114 -fo72 -N"D:\Clicks_git\3D_Hall_5_click\SW\example\c\ARM\STM\STM_I2C\Click_3DHALL5_STM.mcpar" -SP"C:\Users\Public\Documents\Mikroelektronika\mikroC PRO for ARM\Defs\" -SP"C:\Users\Public\Documents\Mikroelektronika\mikroC PRO for ARM\Uses\ST M3\" -SP"D:\Clicks_git\3D_Hall_5_click\SW\example\c\ARM\STM\STM_I2C\" -SP"D:\Clicks_git\3D_Hall_5_click\SW\library\HAL\" -SP"D:\Clicks_git\3D_Hall_5_click\SW\library\" -SP"C:\Users\Public\Documents\Mikroelektronika\mikroC PRO for ARM\Packages\mikroBUS Board Definition API\Uses\" -IP"C:\Users\Public\Documents\Mikroelektronika\mikroC PRO for ARM\Uses\ST M3\" -IP"D:\Clicks_git\3D_Hall_5_click\SW\example\c\ARM\STM\STM_I2C\" -IP"D:\Clicks_git\3D_Hall_5_click\SW\library\" -IP"D:\Clicks_git\3D_Hall_5_click\SW\library\HAL\" -IP"C:\Users\Public\Documents\Mikroelektronika\mikroC PRO for ARM\Packages\mikroBUS Board Definition API\Uses\" "Click_3DHALL5_STM.c" "__c3dhall5_driver.c" "__Lib_Math.emcl" "__Lib_MathDouble.emcl" "__Lib_Delays.emcl" "__Lib_System_105_107.emcl" "__Lib_GPIO_32F10x_Defs.emcl" "__Lib_GPIO_32F10x.emcl" "__Lib_CString.emcl" "__Lib_Conversions.emcl" "__Lib_I2C_12.emcl" "__Lib_SPI_123.emcl" "__Lib_UART_123_45.emcl" "easymx_v7_STM32F107VC.emcl" "Click_3DHALL5.pld"	 
diagnostics: 0	122	Compilation Started	stdint.h
diagnostics: 83	123	Compiled Successfully	Click_3DHALL5_STM.c
diagnostics: 0	122	Compilation Started	stdint.h
diagnostics: 358	123	Compiled Successfully	__c3dhall5_driver.c
hint: 323	1164	Variable 'tmp' has been eliminated by optimizer	__c3dhall5_driver.c
hint: 35	1164	Variable 'tmp' has been eliminated by optimizer	__c3dhall5_driver.c
hint: 84	1164	Variable 'tmp' has been eliminated by optimizer	__c3dhall5_driver.c
hint: 101	1164	Variable 'ptr' has been eliminated by optimizer	__c3dhall5_driver.c
hint: 109	1164	Variable 'ptr' has been eliminated by optimizer	__c3dhall5_driver.c
hint: 143	1164	Variable 'readData' has been eliminated by optimizer	__c3dhall5_driver.c
hint: 287	1164	Variable 'deviceID' has been eliminated by optimizer	__c3dhall5_driver.c
hint: 303	1164	Variable 'tempData' has been eliminated by optimizer	__c3dhall5_driver.c
hint: 304	1164	Variable 'temperature' has been eliminated by optimizer	__c3dhall5_driver.c
hint: 332	1164	Variable 'axisData' has been eliminated by optimizer	__c3dhall5_driver.c
diagnostics: 0	127	All files Compiled in 93 ms	 
hint: 0	1144	Used RX: 16 (100%)   Free RX: 0 (0%)	Used RX: 16 (100%)   Free RX: 0 (0%)
hint: 0	1144	Static RAM (bytes): 210   Dynamic RAM (bytes): 65321	Static RAM (bytes): 210   Dynamic RAM (bytes): 65321
hint: 0	1144	Used ROM (bytes): 10574 (4%)  Free ROM (bytes): 251570 (96%)	Used ROM (bytes): 10574 (4%)  Free ROM (bytes): 251570 (96%)
diagnostics: 0	125	Project Linked Successfully	Click_3DHALL5_STM.mcpar
diagnostics: 0	128	Linked in 235 ms	 
diagnostics: 0	129	Project 'Click_3DHALL5_STM.mcpar' completed: 438 ms	 
diagnostics: 0	103	Finished successfully: 31 maj 2018, 15:14:46	Click_3DHALL5_STM.mcpar
