0	1	mikroCPIC32.exe -MSF -DBG -pP32MX795F512L -C -DL -SSA -EBASE 0x9FC01000 -INTDEF MV_SRS7_IS32 -O11111115 -fo80 -N"D:\Clicks_git\3D_Hall_5_click\SW\example\c\PIC32\I2C\Click_3DHALL5_PIC32.mcp32" -SP"C:\Users\Public\Documents\Mikroelektronika\mikroC PRO for PIC32\Defs\" -SP"C:\Users\Public\Documents\Mikroelektronika\mikroC PRO for PIC32\Uses\" -SP"D:\Clicks_git\3D_Hall_5_click\SW\example\c\PIC32\I2C\" -SP"D:\Clicks_git\3D_Hall_5_click\SW\library\HAL\" -SP"D:\Clicks_git\3D_Hall_5_click\SW\library\" -SP"C:\Users\Public\Documents\Mikroelektronika\mikroC PRO for PIC32\Packages\mikroBUS Board Definition API\Uses\" -IP"C:\Users\Public\Documents\Mikroelektronika\mikroC PRO for PIC32\Uses\" -IP"D:\Clicks_git\3D_Hall_5_click\SW\example\c\PIC32\I2C\" -IP"D:\Clicks_git\3D_Hall_5_click\SW\library\" -IP"D:\Clicks_git\3D_Hall_5_click\SW\library\HAL\" -IP"C:\Users\Public\Documents\Mikroelektronika\mikroC PRO for PIC32\Packages\mikroBUS Board Definition API\Uses\" "Click_3DHALL5_PIC32.c" "__c3dhall5_Driver.c" "__Lib_CP0.emcl" "__Lib_Math.emcl" "__Lib_MathDouble.emcl" "__Lib_System.emcl" "__Lib_SoftResetDma.emcl" "__Lib_Delays.emcl" "__Lib_CString.emcl" "__Lib_Conversions.emcl" "__Lib_I2C_12345.emcl" "__Lib_SPI_1234.emcl" "__Lib_UART_123456.emcl" "easypicfusion_v7_P32MX795F512L.emcl" "Click_3DHALL5.pld"	 
diagnostics: 0	122	Compilation Started	stdint.h
diagnostics: 87	123	Compiled Successfully	Click_3DHALL5_PIC32.c
diagnostics: 0	122	Compilation Started	stdint.h
diagnostics: 358	123	Compiled Successfully	__c3dhall5_Driver.c
hint: 323	1164	Variable 'tmp' has been eliminated by optimizer	__c3dhall5_Driver.c
hint: 34	1164	Variable 'tmp' has been eliminated by optimizer	__c3dhall5_Driver.c
hint: 95	1164	Variable 'tmp' has been eliminated by optimizer	__c3dhall5_Driver.c
hint: 143	1164	Variable 'readData' has been eliminated by optimizer	__c3dhall5_Driver.c
hint: 287	1164	Variable 'deviceID' has been eliminated by optimizer	__c3dhall5_Driver.c
hint: 303	1164	Variable 'tempData' has been eliminated by optimizer	__c3dhall5_Driver.c
hint: 304	1164	Variable 'temperature' has been eliminated by optimizer	__c3dhall5_Driver.c
hint: 332	1164	Variable 'axisData' has been eliminated by optimizer	__c3dhall5_Driver.c
diagnostics: 0	127	All files Compiled in 94 ms	 
hint: 0	1144	Used RX: 26 (81%)   Free RX: 6 (19%)	Used RX: 26 (81%)   Free RX: 6 (19%)
hint: 0	1144	Static RAM (bytes): 255   Dynamic RAM (bytes): 130813	Static RAM (bytes): 255   Dynamic RAM (bytes): 130813
hint: 0	1144	Used ROM (bytes): 16211 (3%)  Free ROM (bytes): 508077 (97%)	Used ROM (bytes): 16211 (3%)  Free ROM (bytes): 508077 (97%)
hint: 0	1144	Used BOOTROM (bytes): 320 (3%)  Free BOOTROM (bytes): 11953 (97%)	Used BOOTROM (bytes): 320 (3%)  Free BOOTROM (bytes): 11953 (97%)
diagnostics: 0	125	Project Linked Successfully	Click_3DHALL5_PIC32.mcp32
diagnostics: 0	128	Linked in 218 ms	 
diagnostics: 0	129	Project 'Click_3DHALL5_PIC32.mcp32' completed: 437 ms	 
diagnostics: 0	103	Finished successfully: 31 maj 2018, 14:25:56	Click_3DHALL5_PIC32.mcp32
