0	1	mikrocAVR.exe -MSF -DBG -pATMEGA32 -DL -SSA -O11111114 -fo8 -BOOTSZ2048 -BOOTOP0 -N"D:\Clicks_git\3D_Hall_5_click\SW\example\c\AVR\I2C\Click_3DHALL5_AVR.mcpav" -SP"C:\Users\Public\Documents\Mikroelektronika\mikroC PRO for AVR\Defs\" -SP"C:\Users\Public\Documents\Mikroelektronika\mikroC PRO for AVR\Uses\lte64kw\" -SP"D:\Clicks_git\3D_Hall_5_click\SW\example\c\AVR\I2C\" -SP"D:\Clicks_git\3D_Hall_5_click\SW\library\HAL\" -SP"D:\Clicks_git\3D_Hall_5_click\SW\library\" -SP"C:\Users\Public\Documents\Mikroelektronika\mikroC PRO for AVR\Packages\mikroBUS Board Definition API\Uses\" -IP"C:\Users\Public\Documents\Mikroelektronika\mikroC PRO for AVR\Uses\lte64kw\" -IP"D:\Clicks_git\3D_Hall_5_click\SW\example\c\AVR\I2C\" -IP"D:\Clicks_git\3D_Hall_5_click\SW\library\" -IP"D:\Clicks_git\3D_Hall_5_click\SW\library\HAL\" -IP"C:\Users\Public\Documents\Mikroelektronika\mikroC PRO for AVR\Packages\mikroBUS Board Definition API\Uses\" "Click_3DHALL5_AVR.c" "__c3dhall5_Driver.c" "__Lib_Math.mcl" "__Lib_MathDouble.mcl" "__Lib_System.mcl" "__Lib_Delays.mcl" "__Lib_CString.mcl" "__Lib_Conversions.mcl" "__Lib_SPI_b7654_x2.mcl" "__Lib_TWI.mcl" "__Lib_UART_d01_ursel.mcl" "easyavr_v7_ATMEGA32.mcl" "Click_3DHALL5.pld"	 
diagnostics: 0	122	Compilation Started	stdint.h
diagnostics: 83	123	Compiled Successfully	Click_3DHALL5_AVR.c
diagnostics: 0	122	Compilation Started	stdint.h
diagnostics: 358	123	Compiled Successfully	__c3dhall5_Driver.c
hint: 323	1164	Variable 'tmp' has been eliminated by optimizer	__c3dhall5_Driver.c
hint: 34	1164	Variable 'tmp' has been eliminated by optimizer	__c3dhall5_Driver.c
hint: 94	1164	Variable 'tmp' has been eliminated by optimizer	__c3dhall5_Driver.c
hint: 143	1164	Variable 'readData' has been eliminated by optimizer	__c3dhall5_Driver.c
hint: 287	1164	Variable 'deviceID' has been eliminated by optimizer	__c3dhall5_Driver.c
hint: 303	1164	Variable 'tempData' has been eliminated by optimizer	__c3dhall5_Driver.c
hint: 304	1164	Variable 'temperature' has been eliminated by optimizer	__c3dhall5_Driver.c
hint: 332	1164	Variable 'axisData' has been eliminated by optimizer	__c3dhall5_Driver.c
diagnostics: 0	127	All files Compiled in 78 ms	 
hint: 0	1144	Used RX (bytes): 23 (72%)   Free RX (bytes): 9 (28%)	Used RX (bytes): 23 (72%)   Free RX (bytes): 9 (28%)
hint: 0	1144	Static RAM (bytes): 152   Dynamic RAM (bytes): 1896	Static RAM (bytes): 152   Dynamic RAM (bytes): 1896
hint: 0	1144	Used ROM (bytes): 6218 (22%)  Free ROM (bytes): 22454 (78%)	Used ROM (bytes): 6218 (22%)  Free ROM (bytes): 22454 (78%)
diagnostics: 0	125	Project Linked Successfully	Click_3DHALL5_AVR.mcpav
hint: 120	1004	Possible stack overflow: recursion or cross-calling detected.	__Lib_TWI.c
diagnostics: 0	128	Linked in 63 ms	 
diagnostics: 0	129	Project 'Click_3DHALL5_AVR.mcpav' completed: 156 ms	 
diagnostics: 0	103	Finished successfully: 31 maj 2018, 15:21:51	Click_3DHALL5_AVR.mcpav
